<?xml version="1.0" encoding="UTF-8"?>
<!-- Generated by org.testng.reporters.JUnitXMLReporter -->
<testsuite hostname="DESKTOP-J4BQAMD" ignored="0" name="Surefire test" tests="6" failures="0" timestamp="2021-02-15T02:27:33 IST" time="40.49" errors="0">
  <testcase name="test" time="1.778" classname="tests.LoginPageTest"/>
  <testcase name="test" time="1.436" classname="tests.LoginPageTest"/>
  <testcase name="test" time="1.412" classname="tests.LoginPageTest"/>
  <testcase name="test" time="1.397" classname="tests.LoginPageTest"/>
  <testcase name="thirdTest" time="0.0" classname="tests.ThreeTest"/>
  <testcase name="secondTest" time="0.001" classname="tests.TwoTest"/>
</testsuite> <!-- Surefire test -->
