<?xml version="1.0" encoding="UTF-8"?>
<!-- Generated by org.testng.reporters.JUnitXMLReporter -->
<testsuite hostname="DESKTOP-J4BQAMD" ignored="0" name="Test" tests="7" failures="0" timestamp="2021-02-15T02:30:15 IST" time="35.427" errors="0">
  <testcase name="test" time="2.075" classname="tests.LoginPageTest"/>
  <testcase name="test" time="1.39" classname="tests.LoginPageTest"/>
  <testcase name="test" time="1.181" classname="tests.LoginPageTest"/>
  <testcase name="test" time="1.379" classname="tests.LoginPageTest"/>
  <testcase name="secondTest" time="0.001" classname="tests.TwoTest"/>
  <testcase name="fourthTest" time="0.0" classname="tests.Fourth"/>
  <testcase name="thirdTest" time="0.001" classname="tests.ThreeTest"/>
</testsuite> <!-- Test -->
