<?xml version="1.0" encoding="UTF-8"?>
<testng-results skipped="0" failed="0" ignored="0" total="1" passed="1">
  <reporter-output>
  </reporter-output>
  <suite name="Parallel Testing" duration-ms="9244" started-at="2021-02-15T17:42:10 IST" finished-at="2021-02-15T17:42:19 IST">
    <groups>
      <group name="cucumber">
        <method signature="AbstractTestNGCucumberTests.feature(cucumber.api.testng.CucumberFeatureWrapper)[pri:0, instance:runner.TestRunner@7d907bac]" name="feature" class="cucumber.api.testng.AbstractTestNGCucumberTests"/>
      </group> <!-- cucumber -->
    </groups>
    <test name="Test via cucumber" duration-ms="9244" started-at="2021-02-15T17:42:10 IST" finished-at="2021-02-15T17:42:19 IST">
      <class name="runner.TestRunner">
        <test-method status="PASS" signature="setUpClass()[pri:0, instance:runner.TestRunner@7d907bac]" name="setUpClass" is-config="true" duration-ms="179" started-at="2021-02-15T17:42:10 IST" finished-at="2021-02-15T17:42:10 IST">
          <reporter-output>
          </reporter-output>
        </test-method> <!-- setUpClass -->
        <test-method status="PASS" signature="feature(cucumber.api.testng.CucumberFeatureWrapper)[pri:0, instance:runner.TestRunner@7d907bac]" name="feature" duration-ms="8984" started-at="2021-02-15T17:42:10 IST" description="Runs Cucumber Feature" data-provider="features" finished-at="2021-02-15T17:42:19 IST">
          <params>
            <param index="0">
              <value>
                <![CDATA[Application Login]]>
              </value>
            </param>
          </params>
          <reporter-output>
          </reporter-output>
        </test-method> <!-- feature -->
        <test-method status="PASS" signature="tearDownClass()[pri:0, instance:runner.TestRunner@7d907bac]" name="tearDownClass" is-config="true" duration-ms="2" started-at="2021-02-15T17:42:19 IST" finished-at="2021-02-15T17:42:19 IST">
          <reporter-output>
          </reporter-output>
        </test-method> <!-- tearDownClass -->
      </class> <!-- runner.TestRunner -->
    </test> <!-- Test via cucumber -->
  </suite> <!-- Parallel Testing -->
</testng-results>
